google-22: Pulling from buildpacks/builder
Digest: sha256:25dabc14cd476bb893c4e950d3604f9c243f49a910f74a94d6b01ac803455591
Status: Image is up to date for gcr.io/buildpacks/builder:google-22
latest: Pulling from buildpacks/google-22/run
Digest: sha256:206929a7e2895ffa2a8de7fdf5eff08091c98fa28dc5ee3f8453e8bf0d5012da
Status: Image is up to date for gcr.io/buildpacks/google-22/run:latest
===> ANALYZING
Timer: Analyzer started at 2024-11-19T15:50:37Z
Restoring data for SBOM from previous image
Timer: Analyzer ran for 4.843277ms and ended at 2024-11-19T15:50:37Z
===> DETECTING
Timer: Detector started at 2024-11-19T15:50:37Z
4 of 7 buildpacks participating
google.nodejs.runtime    1.0.0
google.nodejs.npm        1.1.0
google.utils.label-image 0.0.2
node-test-entrypoint     0.0.1
Timer: Detector ran for 1.515632274s and ended at 2024-11-19T15:50:39Z
===> RESTORING
Timer: Restorer started at 2024-11-19T15:50:39Z
Restoring metadata for "google.nodejs.runtime:node" from app image
Restoring data for "google.nodejs.runtime:node" from cache
Timer: Restorer ran for 767.098897ms and ended at 2024-11-19T15:50:40Z
===> BUILDING
Timer: Builder started at 2024-11-19T15:50:40Z
=== Node.js - Runtime (google.nodejs.runtime@1.0.0) ===
2024/11/19 15:50:40 [DEBUG] GET https://dl.google.com/runtimes/ubuntu2204/nodejs/version.json
***** CACHE HIT: "nodejs"
Node.js v20.18.0 cache hit, skipping installation.
=== Node.js - Npm (google.nodejs.npm@1.1.0) ===
***** CACHE MISS: "npm_modules"
Installing application dependencies.
--------------------------------------------------------------------------------
Running "npm ci --quiet --no-fund --no-audit (NODE_ENV=development)"
npm warn deprecated rimraf@3.0.2: Rimraf versions prior to v4 are no longer supported
npm warn deprecated npmlog@5.0.1: This package is no longer supported.
npm warn deprecated inflight@1.0.6: This module is not supported, and leaks memory. Do not use it. Check out lru-cache if you want a good and tested way to coalesce async requests by a key value, which is much more comprehensive and powerful.
npm warn deprecated glob@7.2.3: Glob versions prior to v9 are no longer supported
npm warn deprecated gauge@3.0.2: This package is no longer supported.
npm warn deprecated are-we-there-yet@2.0.0: This package is no longer supported.
npm warn deprecated @humanwhocodes/config-array@0.13.0: Use @eslint/config-array instead
npm warn deprecated @humanwhocodes/object-schema@2.0.3: Use @eslint/object-schema instead
npm warn deprecated eslint@8.57.1: This version is no longer supported. Please see https://eslint.org/version-support for other options.

> prepare
> nitro prepare


added 498 packages in 11s
npm notice
npm notice New minor version of npm available! 10.8.2 -> 10.9.0
npm notice Changelog: https://github.com/npm/cli/releases/tag/v10.9.0
npm notice To update run: npm install -g npm@10.9.0
npm notice
Done "npm ci --quiet --no-fund --no-audit (NODE_ENV=development)" (11.173245817s)
--------------------------------------------------------------------------------
Running "npm run build"

> build
> nitro build

[nitro] ✔ Generated public .output/public
[nitro] ℹ Building Nitro Server (preset: node-server, compatibility date: 2024-11-18)
[nitro] ✔ Nitro Server built
  ├─ .output/server/chunks/nitro/nitro.mjs (169 kB) (40.6 kB gzip)
  ├─ .output/server/chunks/nitro/nitro.mjs.map (3.29 kB) (797 B gzip)
  ├─ .output/server/chunks/routes/nitro-event.post.mjs (847 B) (433 B gzip)
  ├─ .output/server/chunks/routes/nitro-event.post.mjs.map (695 B) (261 B gzip)
  ├─ .output/server/index.mjs (287 B) (188 B gzip)
  └─ .output/server/package.json (110 B) (110 B gzip)
Σ Total size: 639 kB (151 kB gzip)
[nitro] ✔ You can preview this build using node .output/server/index.mjs
Done "npm run build" (5.61570234s)
Retaining devDependencies because $NODE_ENV="development".
***** CACHE MISS: "watchexec"
Installing watchexec v1.12.0
--------------------------------------------------------------------------------
Running "bash -c curl --fail --show-error --silent --location --retry 3 https://github.com/watchexec/watchexec/releases/download/1.12.0/watchexec-1.12.0-x86_64-unknown-linux-gnu.tar.xz | tar xJ --directory /layers/google.nodejs.npm/watchexec/bin --strip-components=1 --wildcards \"*watchexec\""
Done "bash -c curl --fail --show-error --silent --location --retry..." (1.57845262s)
=== Utils - Label Image (google.utils.label-image@0.0.2) ===
Timer: Builder ran for 20.718465198s and ended at 2024-11-19T15:51:00Z
===> EXPORTING
Timer: Exporter started at 2024-11-19T15:51:00Z
Reusing layer 'google.nodejs.runtime:node'
Adding layer 'google.nodejs.npm:devmode_scripts'
Adding layer 'google.nodejs.npm:env'
Adding layer 'google.nodejs.npm:watchexec'
Reusing layer 'buildpacksio/lifecycle:launch.sbom'
Adding 1/1 app layer(s)
Reusing layer 'buildpacksio/lifecycle:launcher'
Adding layer 'buildpacksio/lifecycle:config'
Reusing layer 'buildpacksio/lifecycle:process-types'
Adding label 'io.buildpacks.lifecycle.metadata'
Adding label 'io.buildpacks.build.metadata'
Adding label 'io.buildpacks.project.metadata'
Setting default process type 'web'
Timer: Saving first-connect-application_nitro-event... started at 2024-11-19T15:51:09Z
*** Images (f64d9f8df56f):
      first-connect-application_nitro-event
      first-connect-application_nitro-event:Awla888Rutk3nKyCl33s
Timer: Saving first-connect-application_nitro-event... ran for 4.031763606s and ended at 2024-11-19T15:51:13Z
Timer: Exporter ran for 12.74253547s and ended at 2024-11-19T15:51:13Z
Timer: Cache started at 2024-11-19T15:51:13Z
Reusing cache layer 'google.nodejs.runtime:node'
Adding cache layer 'google.nodejs.npm:npm_modules'
Adding cache layer 'google.nodejs.npm:watchexec'
Timer: Cache ran for 2.092295328s and ended at 2024-11-19T15:51:15Z
Successfully built image 'first-connect-application_nitro-event'