2024.11.19 15:50:31 INFO  es[][o.e.n.Node] version[7.17.15], pid[26], build[default/tar/0b8ecfb4378335f4689c4223d1f1115f16bef3ba/2023-11-10T22:03:46.987399016Z], OS[Linux/6.10.12-orbstack-00282-gd1783374c25e/aarch64], JVM[Eclipse Adoptium/OpenJDK 64-Bit Server VM/17.0.13/17.0.13+11]
2024.11.19 15:50:31 INFO  es[][o.e.n.Node] JVM home [/opt/java/openjdk]
2024.11.19 15:50:31 INFO  es[][o.e.n.Node] JVM arguments [-XX:+UseG1GC, -Djava.io.tmpdir=/opt/sonarqube/temp, -XX:ErrorFile=/opt/sonarqube/logs/es_hs_err_pid%p.log, -Des.networkaddress.cache.ttl=60, -Des.networkaddress.cache.negative.ttl=10, -XX:+AlwaysPreTouch, -Xss1m, -Djava.awt.headless=true, -Dfile.encoding=UTF-8, -Djna.nosys=true, -Djna.tmpdir=/opt/sonarqube/temp, -XX:-OmitStackTraceInFastThrow, -Dio.netty.noUnsafe=true, -Dio.netty.noKeySetOptimization=true, -Dio.netty.recycler.maxCapacityPerThread=0, -Dio.netty.allocator.numDirectArenas=0, -Dlog4j.shutdownHookEnabled=false, -Dlog4j2.disable.jmx=true, -Dlog4j2.formatMsgNoLookups=true, -Djava.locale.providers=COMPAT, -Dcom.redhat.fips=false, -Xmx512m, -Xms512m, -XX:MaxDirectMemorySize=256m, -XX:+HeapDumpOnOutOfMemoryError, -Des.path.home=/opt/sonarqube/elasticsearch, -Des.path.conf=/opt/sonarqube/temp/conf/es, -Des.distribution.flavor=default, -Des.distribution.type=tar, -Des.bundled_jdk=false]
2024.11.19 15:50:31 INFO  es[][o.e.p.PluginsService] loaded module [analysis-common]
2024.11.19 15:50:31 INFO  es[][o.e.p.PluginsService] loaded module [lang-painless]
2024.11.19 15:50:31 INFO  es[][o.e.p.PluginsService] loaded module [parent-join]
2024.11.19 15:50:31 INFO  es[][o.e.p.PluginsService] loaded module [reindex]
2024.11.19 15:50:31 INFO  es[][o.e.p.PluginsService] loaded module [transport-netty4]
2024.11.19 15:50:31 INFO  es[][o.e.p.PluginsService] no plugins loaded
2024.11.19 15:50:31 INFO  es[][o.e.e.NodeEnvironment] using [1] data paths, mounts [[/ (overlay)]], net usable_space [107.5gb], net total_space [147.9gb], types [overlay]
2024.11.19 15:50:31 INFO  es[][o.e.e.NodeEnvironment] heap size [512mb], compressed ordinary object pointers [true]
2024.11.19 15:50:31 INFO  es[][o.e.n.Node] node name [sonarqube], node ID [thXX15z7TzCJVel2Faphug], cluster name [sonarqube], roles [data_frozen, master, remote_cluster_client, data, data_content, data_hot, data_warm, data_cold, ingest]
2024.11.19 15:50:33 INFO  es[][o.e.t.NettyAllocator] creating NettyAllocator with the following configs: [name=unpooled, suggested_max_allocation_size=256kb, factors={es.unsafe.use_unpooled_allocator=null, g1gc_enabled=true, g1gc_region_size=1mb, heap_size=512mb}]
2024.11.19 15:50:33 INFO  es[][o.e.i.r.RecoverySettings] using rate limit [40mb] with [default=40mb, read=0b, write=0b, max=0b]
2024.11.19 15:50:33 INFO  es[][o.e.d.DiscoveryModule] using discovery type [zen] and seed hosts providers [settings]
2024.11.19 15:50:33 INFO  es[][o.e.g.DanglingIndicesState] gateway.auto_import_dangling_indices is disabled, dangling indices will not be automatically detected or imported and must be managed manually
2024.11.19 15:50:33 INFO  es[][o.e.n.Node] initialized
2024.11.19 15:50:33 INFO  es[][o.e.n.Node] starting ...
2024.11.19 15:50:33 INFO  es[][o.e.t.TransportService] publish_address {127.0.0.1:36195}, bound_addresses {127.0.0.1:36195}
2024.11.19 15:50:33 INFO  es[][o.e.c.c.Coordinator] setting initial configuration to VotingConfiguration{thXX15z7TzCJVel2Faphug}
2024.11.19 15:50:33 INFO  es[][o.e.c.s.MasterService] elected-as-master ([1] nodes joined)[{sonarqube}{thXX15z7TzCJVel2Faphug}{K6keScN1Tpq82Wa5mYifhw}{127.0.0.1}{127.0.0.1:36195}{cdfhimrsw} elect leader, _BECOME_MASTER_TASK_, _FINISH_ELECTION_], term: 1, version: 1, delta: master node changed {previous [], current [{sonarqube}{thXX15z7TzCJVel2Faphug}{K6keScN1Tpq82Wa5mYifhw}{127.0.0.1}{127.0.0.1:36195}{cdfhimrsw}]}
2024.11.19 15:50:33 INFO  es[][o.e.c.c.CoordinationState] cluster UUID set to [vwz2IPT7S6-YGzmpYov7ow]
2024.11.19 15:50:33 INFO  es[][o.e.c.s.ClusterApplierService] master node changed {previous [], current [{sonarqube}{thXX15z7TzCJVel2Faphug}{K6keScN1Tpq82Wa5mYifhw}{127.0.0.1}{127.0.0.1:36195}{cdfhimrsw}]}, term: 1, version: 1, reason: Publication{term=1, version=1}
2024.11.19 15:50:33 INFO  es[][o.e.h.AbstractHttpServerTransport] publish_address {127.0.0.1:9001}, bound_addresses {127.0.0.1:9001}
2024.11.19 15:50:33 INFO  es[][o.e.n.Node] started
2024.11.19 15:50:33 INFO  es[][o.e.g.GatewayService] recovered [0] indices into cluster_state
2024.11.19 15:50:34 INFO  app[][o.s.a.SchedulerImpl] Process[es] is up
2024.11.19 15:50:34 INFO  app[][o.s.a.ProcessLauncherImpl] Launch process[WEB_SERVER] from [/opt/sonarqube]: /opt/java/openjdk/bin/java -Djava.awt.headless=true -Dfile.encoding=UTF-8 -Djava.io.tmpdir=/opt/sonarqube/temp -XX:-OmitStackTraceInFastThrow --add-opens=java.base/java.util=ALL-UNNAMED --add-opens=java.base/java.lang=ALL-UNNAMED --add-opens=java.base/java.io=ALL-UNNAMED --add-opens=java.rmi/sun.rmi.transport=ALL-UNNAMED --add-exports=java.base/jdk.internal.ref=ALL-UNNAMED --add-opens=java.base/java.nio=ALL-UNNAMED --add-opens=java.base/sun.nio.ch=ALL-UNNAMED --add-opens=java.management/sun.management=ALL-UNNAMED --add-opens=jdk.management/com.sun.management.internal=ALL-UNNAMED -Dcom.redhat.fips=false -Xmx512m -Xms128m -XX:+HeapDumpOnOutOfMemoryError -Dhttp.nonProxyHosts=localhost|127.*|[::1] -cp ./lib/sonar-application-9.9.7.96285.jar:/opt/sonarqube/lib/jdbc/h2/h2-2.1.214.jar org.sonar.server.app.WebServer /opt/sonarqube/temp/sq-process10189985613153052490properties
WARNING: A terminally deprecated method in java.lang.System has been called
WARNING: System::setSecurityManager has been called by org.sonar.process.PluginSecurityManager (file:/opt/sonarqube/lib/sonar-application-9.9.7.96285.jar)
WARNING: Please consider reporting this to the maintainers of org.sonar.process.PluginSecurityManager
WARNING: System::setSecurityManager will be removed in a future release
2024.11.19 15:50:34 INFO  web[][o.s.p.ProcessEntryPoint] Starting Web Server
2024.11.19 15:50:34 INFO  web[][o.s.s.p.LogServerVersion] SonarQube Server / 9.9.7.96285 / a5f91b422f76219a44674cdc4540d51b86501c40
2024.11.19 15:50:34 INFO  web[][o.s.s.p.d.EmbeddedDatabase] Starting embedded database on port 9092 with url jdbc:h2:tcp://127.0.0.1:9092/sonar;NON_KEYWORDS=VALUE
2024.11.19 15:50:34 INFO  web[][o.s.s.p.d.EmbeddedDatabase] Embedded database started. Data stored in: /opt/sonarqube/data
2024.11.19 15:50:34 INFO  web[][o.sonar.db.Database] Create JDBC data source for jdbc:h2:tcp://127.0.0.1:9092/sonar;NON_KEYWORDS=VALUE
2024.11.19 15:50:34 INFO  web[][c.z.h.HikariDataSource] HikariPool-1 - Starting...
2024.11.19 15:50:34 INFO  web[][c.z.h.p.HikariPool] HikariPool-1 - Added connection conn2: url=jdbc:h2:tcp://127.0.0.1:9092/sonar user=
2024.11.19 15:50:34 INFO  web[][c.z.h.HikariDataSource] HikariPool-1 - Start completed.
2024.11.19 15:50:34 WARN  web[][o.s.db.dialect.H2] H2 database should be used for evaluation purpose only.
2024.11.19 15:50:35 INFO  web[][o.s.s.p.ServerFileSystemImpl] SonarQube home: /opt/sonarqube
2024.11.19 15:50:35 INFO  web[][o.s.s.u.SystemPasscodeImpl] System authentication by passcode is disabled
2024.11.19 15:50:35 INFO  web[][o.s.s.p.d.m.h.MigrationHistoryTableImpl] Creating table schema_migrations
2024.11.19 15:50:35 INFO  web[][o.s.s.p.ServerPluginManager] Deploy C# Code Quality and Security / 8.51.0.59060 / e14c642f118958f22fd08841dc42f9aae480366a
2024.11.19 15:50:35 INFO  web[][o.s.s.p.ServerPluginManager] Deploy Configuration detection fot Code Quality and Security / 1.2.0.267 / 4f37ba9ffb37a96d5883e52ad392ed32c5c6eaab
2024.11.19 15:50:35 INFO  web[][o.s.s.p.ServerPluginManager] Deploy Flex Code Quality and Security / 2.8.0.3166 / 01f66bdddc678966c81a9064ed139156a6a89c97
2024.11.19 15:50:35 INFO  web[][o.s.s.p.ServerPluginManager] Deploy Go Code Quality and Security / 1.11.0.3905 / e1f28bc000e04ca01881e84218d01d464a17a36f
2024.11.19 15:50:35 INFO  web[][o.s.s.p.ServerPluginManager] Deploy HTML Code Quality and Security / 3.7.1.3306 / d720acc6860c6d8b69ec4d17570a398a1e216da1
2024.11.19 15:50:35 INFO  web[][o.s.s.p.ServerPluginManager] Deploy IaC Code Quality and Security / 1.11.0.2847 / 6892bd3a7320b3c110717acfdb18c4c7451069fd
2024.11.19 15:50:35 INFO  web[][o.s.s.p.ServerPluginManager] Deploy JaCoCo / 1.3.0.1538 / 74a7798c7cea687c72ed9df40c93eb7ea2a58c49
2024.11.19 15:50:35 INFO  web[][o.s.s.p.ServerPluginManager] Deploy Java Code Quality and Security / 7.16.0.30901 / 4b1436558dfd5fc00c8d9aae8bb0364ba122c73e
2024.11.19 15:50:35 INFO  web[][o.s.s.p.ServerPluginManager] Deploy JavaScript/TypeScript/CSS Code Quality and Security / 9.13.0.20537 / 68ff7657415044b86033814795ed95fc1f1558f1
2024.11.19 15:50:35 INFO  web[][o.s.s.p.ServerPluginManager] Deploy Kotlin Code Quality and Security / 2.12.0.1956 / a6df1ae252bd62d63f8673c28f87ad14258a7904
2024.11.19 15:50:35 INFO  web[][o.s.s.p.ServerPluginManager] Deploy PHP Code Quality and Security / 3.27.1.9352 / 3ddc5a03e1a7e3729d41e7c1a30a37d5715958c7
2024.11.19 15:50:35 INFO  web[][o.s.s.p.ServerPluginManager] Deploy Python Code Quality and Security / 3.24.1.11916 / cc8f4fa745eb33d31c3869bdfdfd45514e67c1fe
2024.11.19 15:50:35 INFO  web[][o.s.s.p.ServerPluginManager] Deploy Ruby Code Quality and Security / 1.11.0.3905 / e1f28bc000e04ca01881e84218d01d464a17a36f
2024.11.19 15:50:35 INFO  web[][o.s.s.p.ServerPluginManager] Deploy Scala Code Quality and Security / 1.11.0.3905 / e1f28bc000e04ca01881e84218d01d464a17a36f
2024.11.19 15:50:35 INFO  web[][o.s.s.p.ServerPluginManager] Deploy Text Code Quality and Security / 2.0.2.1090 / 7eb026363b98f5f98b43c603772b5177869c2c6a
2024.11.19 15:50:35 INFO  web[][o.s.s.p.ServerPluginManager] Deploy VB.NET Code Quality and Security / 8.51.0.59060 / e14c642f118958f22fd08841dc42f9aae480366a
2024.11.19 15:50:35 INFO  web[][o.s.s.p.ServerPluginManager] Deploy XML Code Quality and Security / 2.7.0.3820 / 656bccc1910d50c8984536bd2dfd917066b858e6
2024.11.19 15:50:36 INFO  web[][o.s.s.e.EsClientProvider] Connected to local Elasticsearch: [http://localhost:9001]
2024.11.19 15:50:36 WARN  web[][o.s.a.s.w.WebService$Action] Description is not set on action api/monitoring/metrics
2024.11.19 15:50:36 WARN  web[][o.s.a.s.w.WebService$Action] Since is not set on action api/monitoring/metrics
2024.11.19 15:50:36 WARN  web[][o.s.a.s.w.WebService$Action] The response example is not set on action api/monitoring/metrics
2024.11.19 15:50:36 WARN  web[][o.s.a.s.w.WebService$Action] The response example is not set on action api/system/liveness
2024.11.19 15:50:36 INFO  web[][o.s.s.p.d.m.AutoDbMigration] Automatically perform DB migration on fresh install
2024.11.19 15:50:36 INFO  web[][DbMigrations] Executing DB migrations...
2024.11.19 15:50:36 INFO  web[][DbMigrations] #1 'Create initial schema'...
2024.11.19 15:50:37 INFO  web[][DbMigrations] #1 'Create initial schema': success | time=121ms
2024.11.19 15:50:37 INFO  web[][DbMigrations] #2 'Populate initial schema'...
2024.11.19 15:50:37 INFO  web[][DbMigrations] #2 'Populate initial schema': success | time=12ms
2024.11.19 15:50:37 INFO  web[][DbMigrations] #5001 'Drop PK on 'uuid' for 'ce_activity' table'...
2024.11.19 15:50:37 INFO  web[][DbMigrations] #5001 'Drop PK on 'uuid' for 'ce_activity' table': success | time=4ms
2024.11.19 15:50:37 INFO  web[][DbMigrations] #5002 'Drop 'ce_activity_uuid' index'...
2024.11.19 15:50:37 INFO  web[][DbMigrations] #5002 'Drop 'ce_activity_uuid' index': success | time=2ms
2024.11.19 15:50:37 INFO  web[][DbMigrations] #5003 'Recreate PK on 'uuid' for 'ce_activity' table'...
2024.11.19 15:50:37 INFO  web[][DbMigrations] #5003 'Recreate PK on 'uuid' for 'ce_activity' table': success | time=2ms
2024.11.19 15:50:37 INFO  web[][DbMigrations] #5004 'Drop PK on 'uuid' for 'events' table'...
2024.11.19 15:50:37 INFO  web[][DbMigrations] #5004 'Drop PK on 'uuid' for 'events' table': success | time=1ms
2024.11.19 15:50:37 INFO  web[][DbMigrations] #5005 'Drop 'events_uuid' index'...
2024.11.19 15:50:37 INFO  web[][DbMigrations] #5005 'Drop 'events_uuid' index': success | time=1ms
2024.11.19 15:50:37 INFO  web[][DbMigrations] #5006 'Recreate PK on 'uuid' for 'events' table'...
2024.11.19 15:50:37 INFO  web[][DbMigrations] #5006 'Recreate PK on 'uuid' for 'events' table': success | time=1ms
2024.11.19 15:50:37 INFO  web[][DbMigrations] #5007 'Drop PK on 'kee' for 'issues' table'...
2024.11.19 15:50:37 INFO  web[][DbMigrations] #5007 'Drop PK on 'kee' for 'issues' table': success | time=1ms
2024.11.19 15:50:37 INFO  web[][DbMigrations] #5008 'Drop 'issues_kee' index'...
2024.11.19 15:50:37 INFO  web[][DbMigrations] #5008 'Drop 'issues_kee' index': success | time=1ms
2024.11.19 15:50:37 INFO  web[][DbMigrations] #5009 'Recreate PK on 'kee' for 'issues' table'...
2024.11.19 15:50:37 INFO  web[][DbMigrations] #5009 'Recreate PK on 'kee' for 'issues' table': success | time=1ms
2024.11.19 15:50:37 INFO  web[][DbMigrations] #5010 'Drop PK on 'kee' for 'snapshots' table'...
2024.11.19 15:50:37 INFO  web[][DbMigrations] #5010 'Drop PK on 'kee' for 'snapshots' table': success | time=1ms
2024.11.19 15:50:37 INFO  web[][DbMigrations] #5011 'Drop 'analyses_uuid' index'...
2024.11.19 15:50:37 INFO  web[][DbMigrations] #5011 'Drop 'analyses_uuid' index': success | time=0ms
2024.11.19 15:50:37 INFO  web[][DbMigrations] #5012 'Recreate PK on 'kee' for 'snapshots' table'...
2024.11.19 15:50:37 INFO  web[][DbMigrations] #5012 'Recreate PK on 'kee' for 'snapshots' table': success | time=1ms
2024.11.19 15:50:37 INFO  web[][DbMigrations] #6001 'Drop 'manual_measures_component_uuid' index'...
2024.11.19 15:50:37 INFO  web[][DbMigrations] #6001 'Drop 'manual_measures_component_uuid' index': success | time=1ms
2024.11.19 15:50:37 INFO  web[][DbMigrations] #6002 'Drop 'manual_measures' table'...
2024.11.19 15:50:37 INFO  web[][DbMigrations] #6002 'Drop 'manual_measures' table': success | time=2ms
2024.11.19 15:50:37 INFO  web[][DbMigrations] #6003 'Drop custom metrics data from 'live_measures' table'...
2024.11.19 15:50:37 INFO  web[][o.s.s.p.d.m.s.MassUpdate] 0 rows processed (0 items/sec)
2024.11.19 15:50:37 INFO  web[][DbMigrations] #6003 'Drop custom metrics data from 'live_measures' table': success | time=6ms
2024.11.19 15:50:37 INFO  web[][DbMigrations] #6004 'Drop custom metrics data from 'project_measures' table'...
2024.11.19 15:50:37 INFO  web[][o.s.s.p.d.m.s.MassUpdate] 0 rows processed (0 items/sec)
2024.11.19 15:50:37 INFO  web[][DbMigrations] #6004 'Drop custom metrics data from 'project_measures' table': success | time=5ms
2024.11.19 15:50:37 INFO  web[][DbMigrations] #6005 'Drop custom metrics data from 'metrics' table'...
2024.11.19 15:50:37 INFO  web[][o.s.s.p.d.m.s.MassUpdate] 0 rows processed (0 items/sec)
2024.11.19 15:50:37 INFO  web[][DbMigrations] #6005 'Drop custom metrics data from 'metrics' table': success | time=3ms
2024.11.19 15:50:37 INFO  web[][DbMigrations] #6006 'Drop 'user_managed' column from 'metrics' table'...
2024.11.19 15:50:37 INFO  web[][DbMigrations] #6006 'Drop 'user_managed' column from 'metrics' table': success | time=5ms
2024.11.19 15:50:37 INFO  web[][DbMigrations] #6007 'Create Audit table'...
2024.11.19 15:50:37 INFO  web[][DbMigrations] #6007 'Create Audit table': success | time=1ms
2024.11.19 15:50:37 INFO  web[][DbMigrations] #6008 'Add column 'removed' to 'plugins' table'...
2024.11.19 15:50:37 INFO  web[][DbMigrations] #6008 'Add column 'removed' to 'plugins' table': success | time=5ms
2024.11.19 15:50:37 INFO  web[][DbMigrations] #6009 'Alter column 'client_secret' of 'alm_settings' table to length 160'...
2024.11.19 15:50:37 INFO  web[][DbMigrations] #6009 'Alter column 'client_secret' of 'alm_settings' table to length 160': success | time=1ms
2024.11.19 15:50:37 INFO  web[][DbMigrations] #6010 'Alter column 'private_key' of 'alm_settings' table to length 2500'...
2024.11.19 15:50:37 INFO  web[][DbMigrations] #6010 'Alter column 'private_key' of 'alm_settings' table to length 2500': success | time=1ms
2024.11.19 15:50:37 INFO  web[][DbMigrations] #6011 'Create 'portfolios' table'...
2024.11.19 15:50:37 INFO  web[][DbMigrations] #6011 'Create 'portfolios' table': success | time=2ms
2024.11.19 15:50:37 INFO  web[][DbMigrations] #6012 'Create unique index for 'kee' in 'portfolios''...
2024.11.19 15:50:37 INFO  web[][DbMigrations] #6012 'Create unique index for 'kee' in 'portfolios'': success | time=2ms
2024.11.19 15:50:37 INFO  web[][DbMigrations] #6013 'Create 'portfolio_references' table'...
2024.11.19 15:50:37 INFO  web[][DbMigrations] #6013 'Create 'portfolio_references' table': success | time=1ms
2024.11.19 15:50:37 INFO  web[][DbMigrations] #6014 'Create unique index for 'portfolio_references''...
2024.11.19 15:50:37 INFO  web[][DbMigrations] #6014 'Create unique index for 'portfolio_references'': success | time=1ms
2024.11.19 15:50:37 INFO  web[][DbMigrations] #6015 'Create 'portfolio_projects' table'...
2024.11.19 15:50:37 INFO  web[][DbMigrations] #6015 'Create 'portfolio_projects' table': success | time=1ms
2024.11.19 15:50:37 INFO  web[][DbMigrations] #6016 'Create unique index for 'portfolio_projects''...
2024.11.19 15:50:37 INFO  web[][DbMigrations] #6016 'Create unique index for 'portfolio_projects'': success | time=1ms
2024.11.19 15:50:37 INFO  web[][DbMigrations] #6017 'Migrate portfolios to new tables'...
2024.11.19 15:50:37 INFO  web[][DbMigrations] #6017 'Migrate portfolios to new tables': success | time=1ms
2024.11.19 15:50:37 INFO  web[][DbMigrations] #6018 'Create index for 'issue_changes' on 'issue_key' and 'change_type''...
2024.11.19 15:50:37 INFO  web[][DbMigrations] #6018 'Create index for 'issue_changes' on 'issue_key' and 'change_type'': success | time=1ms
2024.11.19 15:50:37 INFO  web[][DbMigrations] #6019 'Remove SVN related properties'...
2024.11.19 15:50:37 INFO  web[][DbMigrations] #6019 'Remove SVN related properties': success | time=2ms
2024.11.19 15:50:37 INFO  web[][DbMigrations] #6101 'Change size of column 'selection_expression' in 'Portfolios''...
2024.11.19 15:50:37 INFO  web[][DbMigrations] #6101 'Change size of column 'selection_expression' in 'Portfolios'': success | time=1ms
2024.11.19 15:50:37 INFO  web[][DbMigrations] #6102 'Migrate Bitbucket.org authentication plugin settings to built-in authentication settings'...
2024.11.19 15:50:37 INFO  web[][DbMigrations] #6102 'Migrate Bitbucket.org authentication plugin settings to built-in authentication settings': success | time=2ms
2024.11.19 15:50:37 INFO  web[][DbMigrations] #6103 'Create column quick_fix_available in 'issues''...
2024.11.19 15:50:37 INFO  web[][DbMigrations] #6103 'Create column quick_fix_available in 'issues'': success | time=4ms
2024.11.19 15:50:37 INFO  web[][DbMigrations] #6104 'Create qgate_user_permissions Table'...
2024.11.19 15:50:37 INFO  web[][DbMigrations] #6104 'Create qgate_user_permissions Table': success | time=1ms
2024.11.19 15:50:37 INFO  web[][DbMigrations] #6105 'Create qgate_group_permissions Table'...
2024.11.19 15:50:37 INFO  web[][DbMigrations] #6105 'Create qgate_group_permissions Table': success | time=2ms
2024.11.19 15:50:37 INFO  web[][DbMigrations] #6106 'Create column sonarlint_ad_seen in 'users''...
2024.11.19 15:50:37 INFO  web[][DbMigrations] #6106 'Create column sonarlint_ad_seen in 'users'': success | time=5ms
2024.11.19 15:50:37 INFO  web[][DbMigrations] #6107 'Upsert value of sonarlint_ad_seen in 'users''...
2024.11.19 15:50:37 INFO  web[][DbMigrations] #6107 'Upsert value of sonarlint_ad_seen in 'users'': success | time=0ms
2024.11.19 15:50:37 INFO  web[][DbMigrations] #6108 'Change size of column 'kee' in 'components''...
2024.11.19 15:50:37 INFO  web[][DbMigrations] #6108 'Change size of column 'kee' in 'components'': success | time=0ms
2024.11.19 15:50:37 INFO  web[][DbMigrations] #6109 'Create table 'portfolio_proj_branches''...
2024.11.19 15:50:37 INFO  web[][DbMigrations] #6109 'Create table 'portfolio_proj_branches'': success | time=1ms
2024.11.19 15:50:37 INFO  web[][DbMigrations] #6110 'Add column 'branch_key' to table 'portfolios''...
2024.11.19 15:50:37 INFO  web[][DbMigrations] #6110 'Add column 'branch_key' to table 'portfolios'': success | time=3ms
2024.11.19 15:50:37 INFO  web[][DbMigrations] #6111 'Change size of column 'kee' in 'components''...
2024.11.19 15:50:37 INFO  web[][DbMigrations] #6111 'Change size of column 'kee' in 'components'': success | time=0ms
2024.11.19 15:50:37 INFO  web[][DbMigrations] #6112 'Create 'project_badge_token' Table'...
2024.11.19 15:50:37 INFO  web[][DbMigrations] #6112 'Create 'project_badge_token' Table': success | time=1ms
2024.11.19 15:50:37 INFO  web[][DbMigrations] #6113 'Deprecate quality profile 'Sonar way Recommended' for js and ts'...
2024.11.19 15:50:37 INFO  web[][DbMigrations] #6113 'Deprecate quality profile 'Sonar way Recommended' for js and ts': success | time=3ms
2024.11.19 15:50:37 INFO  web[][DbMigrations] #6114 'Drop the 'sonar.lf.aboutText' property value'...
2024.11.19 15:50:37 INFO  web[][DbMigrations] #6114 'Drop the 'sonar.lf.aboutText' property value': success | time=0ms
2024.11.19 15:50:37 INFO  web[][DbMigrations] #6201 'Fix usage of deprecated column in MSSQL'...
2024.11.19 15:50:37 INFO  web[][DbMigrations] #6201 'Fix usage of deprecated column in MSSQL': success | time=0ms
2024.11.19 15:50:37 INFO  web[][DbMigrations] #6202 'Drop index 'uniq_portfolio_references''...
2024.11.19 15:50:37 INFO  web[][DbMigrations] #6202 'Drop index 'uniq_portfolio_references'': success | time=1ms
2024.11.19 15:50:37 INFO  web[][DbMigrations] #6203 'Add column 'branch_uuid' to 'portfolio_references''...
2024.11.19 15:50:37 INFO  web[][DbMigrations] #6203 'Add column 'branch_uuid' to 'portfolio_references'': success | time=2ms
2024.11.19 15:50:37 INFO  web[][DbMigrations] #6204 'Create index 'uniq_portfolio_references''...
2024.11.19 15:50:37 INFO  web[][DbMigrations] #6204 'Create index 'uniq_portfolio_references'': success | time=1ms
2024.11.19 15:50:37 INFO  web[][DbMigrations] #6205 'Create table 'new_code_reference_branch_issues''...
2024.11.19 15:50:37 INFO  web[][DbMigrations] #6205 'Create table 'new_code_reference_branch_issues'': success | time=1ms
2024.11.19 15:50:37 INFO  web[][DbMigrations] #6206 'Create index 'uniq_new_code_reference_issues''...
2024.11.19 15:50:37 INFO  web[][DbMigrations] #6206 'Create index 'uniq_new_code_reference_issues'': success | time=1ms
2024.11.19 15:50:37 INFO  web[][DbMigrations] #6301 'Drop unused Issues Column REPORTER'...
2024.11.19 15:50:37 INFO  web[][DbMigrations] #6301 'Drop unused Issues Column REPORTER': success | time=3ms
2024.11.19 15:50:37 INFO  web[][DbMigrations] #6302 'Drop unused Issues Column ACTION_PLAN_KEY'...
2024.11.19 15:50:37 INFO  web[][DbMigrations] #6302 'Drop unused Issues Column ACTION_PLAN_KEY': success | time=4ms
2024.11.19 15:50:37 INFO  web[][DbMigrations] #6303 'Drop unused Issues Column ISSUE_ATTRIBUTES'...
2024.11.19 15:50:37 INFO  web[][DbMigrations] #6303 'Drop unused Issues Column ISSUE_ATTRIBUTES': success | time=4ms
2024.11.19 15:50:37 INFO  web[][DbMigrations] #6304 'Create table 'SCANNER_ANALYSIS_CACHE'...
2024.11.19 15:50:37 INFO  web[][DbMigrations] #6304 'Create table 'SCANNER_ANALYSIS_CACHE': success | time=1ms
2024.11.19 15:50:37 INFO  web[][DbMigrations] #6305 'Issue warning for users using SHA1 hash method'...
2024.11.19 15:50:37 INFO  web[][DbMigrations] #6305 'Issue warning for users using SHA1 hash method': success | time=2ms
2024.11.19 15:50:37 INFO  web[][DbMigrations] #6306 'Drop table 'user_properties''...
2024.11.19 15:50:37 INFO  web[][DbMigrations] #6306 'Drop table 'user_properties'': success | time=1ms
2024.11.19 15:50:37 INFO  web[][DbMigrations] #6401 'Add column 'project_key' to 'user_tokens''...
2024.11.19 15:50:37 INFO  web[][DbMigrations] #6401 'Add column 'project_key' to 'user_tokens'': success | time=2ms
2024.11.19 15:50:37 INFO  web[][DbMigrations] #6402 'Add column 'type' to 'user_tokens''...
2024.11.19 15:50:37 INFO  web[][DbMigrations] #6402 'Add column 'type' to 'user_tokens'': success | time=2ms
2024.11.19 15:50:37 INFO  web[][DbMigrations] #6403 'Upsert value of type in 'user_tokens''...
2024.11.19 15:50:37 INFO  web[][DbMigrations] #6403 'Upsert value of type in 'user_tokens'': success | time=1ms
2024.11.19 15:50:37 INFO  web[][DbMigrations] #6404 'Make column 'type' in 'user_tokens' not nullable'...
2024.11.19 15:50:37 INFO  web[][DbMigrations] #6404 'Make column 'type' in 'user_tokens' not nullable': success | time=2ms
2024.11.19 15:50:37 INFO  web[][DbMigrations] #6405 'Create table RULE_DESC_SECTIONS'...
2024.11.19 15:50:37 INFO  web[][DbMigrations] #6405 'Create table RULE_DESC_SECTIONS': success | time=2ms
2024.11.19 15:50:37 INFO  web[][DbMigrations] #6406 'Insert description from RULES into RULE_DESC_SECTIONS'...
2024.11.19 15:50:37 INFO  web[][DbMigrations] #6406 'Insert description from RULES into RULE_DESC_SECTIONS': success | time=2ms
2024.11.19 15:50:37 INFO  web[][DbMigrations] #6407 'Create index for RULE_DESC_SECTIONS'...
2024.11.19 15:50:37 INFO  web[][DbMigrations] #6407 'Create index for RULE_DESC_SECTIONS': success | time=1ms
2024.11.19 15:50:37 INFO  web[][DbMigrations] #6408 'Drop column DESCRIPTIONS from RULES table'...
2024.11.19 15:50:37 INFO  web[][DbMigrations] #6408 'Drop column DESCRIPTIONS from RULES table': success | time=5ms
2024.11.19 15:50:37 INFO  web[][DbMigrations] #6409 'Drop column CREATED_AT from RULES_METADATA table'...
2024.11.19 15:50:37 INFO  web[][DbMigrations] #6409 'Drop column CREATED_AT from RULES_METADATA table': success | time=2ms
2024.11.19 15:50:37 INFO  web[][DbMigrations] #6410 'Drop column UPDATED_AT from RULES_METADATA table'...
2024.11.19 15:50:37 INFO  web[][DbMigrations] #6410 'Drop column UPDATED_AT from RULES_METADATA table': success | time=1ms
2024.11.19 15:50:37 INFO  web[][DbMigrations] #6411 'Overwrite plugin file hash to force reloading rules'...
2024.11.19 15:50:37 INFO  web[][DbMigrations] #6411 'Overwrite plugin file hash to force reloading rules': success | time=0ms
2024.11.19 15:50:37 INFO  web[][DbMigrations] #6412 'Add rules_metadata columns to rules table'...
2024.11.19 15:50:37 INFO  web[][DbMigrations] #6412 'Add rules_metadata columns to rules table': success | time=23ms
2024.11.19 15:50:37 INFO  web[][DbMigrations] #6413 'Populate rules metadata in rules table'...
2024.11.19 15:50:37 INFO  web[][o.s.s.p.d.m.s.MassUpdate] 0 rows processed (0 items/sec)
2024.11.19 15:50:37 INFO  web[][DbMigrations] #6413 'Populate rules metadata in rules table': success | time=1ms
2024.11.19 15:50:37 INFO  web[][DbMigrations] #6414 'Drop rules_metadata table'...
2024.11.19 15:50:37 INFO  web[][DbMigrations] #6414 'Drop rules_metadata table': success | time=1ms
2024.11.19 15:50:37 INFO  web[][DbMigrations] #6415 'Migrate hotspot rule descriptions'...
2024.11.19 15:50:37 INFO  web[][DbMigrations] #6415 'Migrate hotspot rule descriptions': success | time=1ms
2024.11.19 15:50:37 INFO  web[][DbMigrations] #6416 'Remove onboarded column from User table'...
2024.11.19 15:50:37 INFO  web[][DbMigrations] #6416 'Remove onboarded column from User table': success | time=2ms
2024.11.19 15:50:37 INFO  web[][DbMigrations] #6417 'Add column 'user_triggered' to 'audits''...
2024.11.19 15:50:37 INFO  web[][DbMigrations] #6417 'Add column 'user_triggered' to 'audits'': success | time=1ms
2024.11.19 15:50:37 INFO  web[][DbMigrations] #6418 'Upsert value of 'user_triggered' in 'audits''...
2024.11.19 15:50:37 INFO  web[][DbMigrations] #6418 'Upsert value of 'user_triggered' in 'audits'': success | time=2ms
2024.11.19 15:50:37 INFO  web[][DbMigrations] #6500 'remove root column from users table'...
2024.11.19 15:50:37 INFO  web[][DbMigrations] #6500 'remove root column from users table': success | time=2ms
2024.11.19 15:50:37 INFO  web[][DbMigrations] #6501 'Add columns 'context_key' and 'context_display_name' into rule_desc_sections'...
2024.11.19 15:50:37 INFO  web[][DbMigrations] #6501 'Add columns 'context_key' and 'context_display_name' into rule_desc_sections': success | time=3ms
2024.11.19 15:50:37 INFO  web[][DbMigrations] #6502 'Drop unique index uniq_rule_desc_sections_kee'...
2024.11.19 15:50:37 INFO  web[][DbMigrations] #6502 'Drop unique index uniq_rule_desc_sections_kee': success | time=1ms
2024.11.19 15:50:37 INFO  web[][DbMigrations] #6503 'Create unique uniq_rule_desc_sections'...
2024.11.19 15:50:37 INFO  web[][DbMigrations] #6503 'Create unique uniq_rule_desc_sections': success | time=1ms
2024.11.19 15:50:37 INFO  web[][DbMigrations] #6504 'Add column 'expiration_date' to 'user_tokens''...
2024.11.19 15:50:37 INFO  web[][DbMigrations] #6504 'Add column 'expiration_date' to 'user_tokens'': success | time=2ms
2024.11.19 15:50:37 INFO  web[][DbMigrations] #6505 'Add column 'rule_description_context_key' to 'issues''...
2024.11.19 15:50:37 INFO  web[][DbMigrations] #6505 'Add column 'rule_description_context_key' to 'issues'': success | time=2ms
2024.11.19 15:50:37 INFO  web[][DbMigrations] #6506 'Add column 'education_principles' to 'rules''...
2024.11.19 15:50:37 INFO  web[][DbMigrations] #6506 'Add column 'education_principles' to 'rules'': success | time=1ms
2024.11.19 15:50:37 INFO  web[][DbMigrations] #6507 'Overwrite plugin file hash to force reloading rules'...
2024.11.19 15:50:37 INFO  web[][DbMigrations] #6507 'Overwrite plugin file hash to force reloading rules': success | time=1ms
2024.11.19 15:50:37 INFO  web[][DbMigrations] #6508 'Migrate 'sonarlint_ad_seen' from users to properties'...
2024.11.19 15:50:37 INFO  web[][o.s.s.p.d.m.s.MassUpdate] 0 rows processed (0 items/sec)
2024.11.19 15:50:37 INFO  web[][DbMigrations] #6508 'Migrate 'sonarlint_ad_seen' from users to properties': success | time=1ms
2024.11.19 15:50:37 INFO  web[][DbMigrations] #6509 'Drop column sonarlint_ad_seen in 'users''...
2024.11.19 15:50:37 INFO  web[][DbMigrations] #6509 'Drop column sonarlint_ad_seen in 'users'': success | time=3ms
2024.11.19 15:50:37 INFO  web[][DbMigrations] #6510 'Create table 'push_events''...
2024.11.19 15:50:37 INFO  web[][DbMigrations] #6510 'Create table 'push_events'': success | time=0ms
2024.11.19 15:50:37 INFO  web[][DbMigrations] #6511 'Create index 'idx_push_even_crea_uuid_proj' on 'push_events''...
2024.11.19 15:50:37 INFO  web[][DbMigrations] #6511 'Create index 'idx_push_even_crea_uuid_proj' on 'push_events'': success | time=0ms
2024.11.19 15:50:37 INFO  web[][DbMigrations] #6512 'Add column 'language' to 'push_events''...
2024.11.19 15:50:37 INFO  web[][DbMigrations] #6512 'Add column 'language' to 'push_events'': success | time=1ms
2024.11.19 15:50:37 INFO  web[][DbMigrations] #6513 'Delete duplicated rows in 'project_badge_token''...
2024.11.19 15:50:37 INFO  web[][DbMigrations] #6513 'Delete duplicated rows in 'project_badge_token'': success | time=1ms
2024.11.19 15:50:37 INFO  web[][DbMigrations] #6514 'Add unique index on 'project_uuid' in 'project_badge_token''...
2024.11.19 15:50:37 INFO  web[][DbMigrations] #6514 'Add unique index on 'project_uuid' in 'project_badge_token'': success | time=1ms
2024.11.19 15:50:37 INFO  web[][DbMigrations] #6600 'Add column 'webhook_secret' to 'alm_settings''...
2024.11.19 15:50:37 INFO  web[][DbMigrations] #6600 'Add column 'webhook_secret' to 'alm_settings'': success | time=2ms
2024.11.19 15:50:37 INFO  web[][DbMigrations] #6601 'Drop non unique index on 'uuid' in 'components''...
2024.11.19 15:50:37 INFO  web[][DbMigrations] #6601 'Drop non unique index on 'uuid' in 'components'': success | time=1ms
2024.11.19 15:50:37 INFO  web[][DbMigrations] #6602 'Add unique index on 'uuid' in 'components''...
2024.11.19 15:50:37 INFO  web[][DbMigrations] #6602 'Add unique index on 'uuid' in 'components'': success | time=0ms
2024.11.19 15:50:37 INFO  web[][DbMigrations] #6603 'Drop index for 'project_uuid' in 'components''...
2024.11.19 15:50:37 INFO  web[][DbMigrations] #6603 'Drop index for 'project_uuid' in 'components'': success | time=1ms
2024.11.19 15:50:37 INFO  web[][DbMigrations] #6604 'Rename column 'project_uuid' to 'branch_uuid' in 'components''...
2024.11.19 15:50:37 INFO  web[][DbMigrations] #6604 'Rename column 'project_uuid' to 'branch_uuid' in 'components'': success | time=2ms
2024.11.19 15:50:37 INFO  web[][DbMigrations] #6605 'Create index for 'branch_uuid' in 'components''...
2024.11.19 15:50:37 INFO  web[][DbMigrations] #6605 'Create index for 'branch_uuid' in 'components'': success | time=1ms
2024.11.19 15:50:37 INFO  web[][DbMigrations] #6606 'Drop index for 'kee' in 'components''...
2024.11.19 15:50:37 INFO  web[][DbMigrations] #6606 'Drop index for 'kee' in 'components'': success | time=1ms
2024.11.19 15:50:37 INFO  web[][DbMigrations] #6607 'Fix copy component UUID'...
2024.11.19 15:50:37 INFO  web[][o.s.s.p.d.m.s.MassUpdate] 0 rows processed (0 items/sec)
2024.11.19 15:50:37 INFO  web[][DbMigrations] #6607 'Fix copy component UUID': success | time=2ms
2024.11.19 15:50:37 INFO  web[][DbMigrations] #6608 'Remove branch information from 'kee' in 'components''...
2024.11.19 15:50:37 INFO  web[][o.s.s.p.d.m.s.MassUpdate] 0 rows processed (0 items/sec)
2024.11.19 15:50:37 INFO  web[][DbMigrations] #6608 'Remove branch information from 'kee' in 'components'': success | time=63ms
2024.11.19 15:50:37 INFO  web[][DbMigrations] #6609 'Add unique index on 'kee','branch_uuid' in 'components''...
2024.11.19 15:50:37 INFO  web[][DbMigrations] #6609 'Add unique index on 'kee','branch_uuid' in 'components'': success | time=1ms
2024.11.19 15:50:37 INFO  web[][DbMigrations] #6700 'Move live measure variations to values'...
2024.11.19 15:50:37 INFO  web[][o.s.s.p.d.m.s.MassUpdate] 0 rows processed (0 items/sec)
2024.11.19 15:50:37 INFO  web[][DbMigrations] #6700 'Move live measure variations to values': success | time=2ms
2024.11.19 15:50:37 INFO  web[][DbMigrations] #6701 'Drop live measure variation column'...
2024.11.19 15:50:37 INFO  web[][DbMigrations] #6701 'Drop live measure variation column': success | time=4ms
2024.11.19 15:50:37 INFO  web[][DbMigrations] #6702 'Move project measure variations to values'...
2024.11.19 15:50:37 INFO  web[][o.s.s.p.d.m.s.MassUpdate] 0 rows processed (0 items/sec)
2024.11.19 15:50:37 INFO  web[][DbMigrations] #6702 'Move project measure variations to values': success | time=2ms
2024.11.19 15:50:37 INFO  web[][DbMigrations] #6703 'Drop project measure variation column'...
2024.11.19 15:50:37 INFO  web[][DbMigrations] #6703 'Drop project measure variation column': success | time=3ms
2024.11.19 15:50:37 INFO  web[][DbMigrations] #6704 'Update sonar-users group description'...
2024.11.19 15:50:37 INFO  web[][DbMigrations] #6704 'Update sonar-users group description': success | time=1ms
2024.11.19 15:50:37 INFO  web[][DbMigrations] #6705 'Add message_formattings column to issue table'...
2024.11.19 15:50:37 INFO  web[][DbMigrations] #6705 'Add message_formattings column to issue table': success | time=3ms
2024.11.19 15:50:37 INFO  web[][DbMigrations] #6706 'Create scim_users table'...
2024.11.19 15:50:37 INFO  web[][DbMigrations] #6706 'Create scim_users table': success | time=1ms
2024.11.19 15:50:37 INFO  web[][DbMigrations] #6707 'Create unique index on scim_users.user_uuid'...
2024.11.19 15:50:37 INFO  web[][DbMigrations] #6707 'Create unique index on scim_users.user_uuid': success | time=1ms
2024.11.19 15:50:37 INFO  web[][DbMigrations] #6800 'Add node_name column to ce_activity table'...
2024.11.19 15:50:37 INFO  web[][DbMigrations] #6800 'Add node_name column to ce_activity table': success | time=3ms
2024.11.19 15:50:37 INFO  web[][DbMigrations] #6801 'Delete all analysis cache'...
2024.11.19 15:50:37 INFO  web[][DbMigrations] #6801 'Delete all analysis cache': success | time=1ms
2024.11.19 15:50:37 INFO  web[][DbMigrations] #6802 'Change user_uuid field size to 255 for audit table'...
2024.11.19 15:50:37 INFO  web[][DbMigrations] #6802 'Change user_uuid field size to 255 for audit table': success | time=0ms
2024.11.19 15:50:37 INFO  web[][DbMigrations] #6803 'Add ncloc to 'Projects' table'...
2024.11.19 15:50:37 INFO  web[][DbMigrations] #6803 'Add ncloc to 'Projects' table': success | time=2ms
2024.11.19 15:50:37 INFO  web[][DbMigrations] #6804 'Populate ncloc in 'Projects' table'...
2024.11.19 15:50:37 INFO  web[][o.s.s.p.d.m.s.MassUpdate] 0 rows processed (0 items/sec)
2024.11.19 15:50:37 INFO  web[][DbMigrations] #6804 'Populate ncloc in 'Projects' table': success | time=4ms
2024.11.19 15:50:37 INFO  web[][DbMigrations] Executed DB migrations: success | time=470ms
2024.11.19 15:50:37 INFO  web[][o.s.s.p.Platform] Database has been automatically updated
2024.11.19 15:50:37 INFO  web[][o.s.s.p.w.MasterServletFilter] Initializing servlet filter org.sonar.server.platform.web.WebServiceFilter@1883871b [pattern=UrlPattern{inclusions=[/api/system/migrate_db.*, ...], exclusions=[/api/components/update_key, ...]}]
2024.11.19 15:50:37 INFO  web[][o.s.s.p.DetectPluginChange] Detect plugin changes
2024.11.19 15:50:37 INFO  web[][o.s.s.a.EmbeddedTomcat] HTTP connector enabled on port 9000
2024.11.19 15:50:38 INFO  web[][o.s.s.e.IndexCreator] Create index [metadatas]
2024.11.19 15:50:38 INFO  es[][o.e.c.m.MetadataCreateIndexService] [metadatas] creating index, cause [api], templates [], shards [1]/[0]
2024.11.19 15:50:38 INFO  es[][o.e.c.r.a.AllocationService] Cluster health status changed from [YELLOW] to [GREEN] (reason: [shards started [[metadatas][0]]]).
2024.11.19 15:50:38 INFO  web[][o.s.s.e.IndexCreator] Create type metadatas/metadata
2024.11.19 15:50:38 INFO  es[][o.e.c.m.MetadataMappingService] [metadatas/n2OckJFlSvi-PAFQ-F_pzg] create_mapping [metadata]
2024.11.19 15:50:38 INFO  web[][o.s.s.e.IndexCreator] Create index [components]
2024.11.19 15:50:38 INFO  es[][o.e.c.m.MetadataCreateIndexService] [components] creating index, cause [api], templates [], shards [5]/[0]
2024.11.19 15:50:38 INFO  es[][o.e.c.r.a.AllocationService] Cluster health status changed from [YELLOW] to [GREEN] (reason: [shards started [[components][4]]]).
2024.11.19 15:50:38 INFO  web[][o.s.s.e.IndexCreator] Create type components/auth
2024.11.19 15:50:38 INFO  es[][o.e.c.m.MetadataMappingService] [components/YfO9KTw3RwWHLkq5lWrzBA] create_mapping [auth]
2024.11.19 15:50:38 INFO  web[][o.s.s.e.IndexCreator] Create index [projectmeasures]
2024.11.19 15:50:38 INFO  es[][o.e.c.m.MetadataCreateIndexService] [projectmeasures] creating index, cause [api], templates [], shards [5]/[0]
2024.11.19 15:50:39 INFO  es[][o.e.c.r.a.AllocationService] Cluster health status changed from [YELLOW] to [GREEN] (reason: [shards started [[projectmeasures][4]]]).
2024.11.19 15:50:39 INFO  web[][o.s.s.e.IndexCreator] Create type projectmeasures/auth
2024.11.19 15:50:39 INFO  es[][o.e.c.m.MetadataMappingService] [projectmeasures/Y6b5T56WREifX1GzXArF6Q] create_mapping [auth]
2024.11.19 15:50:39 INFO  web[][o.s.s.e.IndexCreator] Create index [rules]
2024.11.19 15:50:39 INFO  es[][o.e.c.m.MetadataCreateIndexService] [rules] creating index, cause [api], templates [], shards [2]/[0]
2024.11.19 15:50:39 INFO  es[][o.e.c.r.a.AllocationService] Cluster health status changed from [YELLOW] to [GREEN] (reason: [shards started [[rules][0]]]).
2024.11.19 15:50:39 INFO  web[][o.s.s.e.IndexCreator] Create type rules/rule
2024.11.19 15:50:39 INFO  es[][o.e.c.m.MetadataMappingService] [rules/J0oE-epkQrOSy7FGQfu7LQ] create_mapping [rule]
2024.11.19 15:50:39 INFO  web[][o.s.s.e.IndexCreator] Create index [issues]
2024.11.19 15:50:39 INFO  es[][o.e.c.m.MetadataCreateIndexService] [issues] creating index, cause [api], templates [], shards [5]/[0]
2024.11.19 15:50:39 INFO  es[][o.e.c.r.a.AllocationService] Cluster health status changed from [YELLOW] to [GREEN] (reason: [shards started [[issues][4]]]).
2024.11.19 15:50:39 INFO  web[][o.s.s.e.IndexCreator] Create type issues/auth
2024.11.19 15:50:39 INFO  es[][o.e.c.m.MetadataMappingService] [issues/rg9SB0M3TKuUeXG3Zh_Nog] create_mapping [auth]
2024.11.19 15:50:39 INFO  web[][o.s.s.e.IndexCreator] Create index [users]
2024.11.19 15:50:39 INFO  es[][o.e.c.m.MetadataCreateIndexService] [users] creating index, cause [api], templates [], shards [1]/[0]
2024.11.19 15:50:39 INFO  es[][o.e.c.r.a.AllocationService] Cluster health status changed from [YELLOW] to [GREEN] (reason: [shards started [[users][0]]]).
2024.11.19 15:50:39 INFO  web[][o.s.s.e.IndexCreator] Create type users/user
2024.11.19 15:50:39 INFO  es[][o.e.c.m.MetadataMappingService] [users/bJUHwu-7TaueiH0KqH-loQ] create_mapping [user]
2024.11.19 15:50:39 INFO  web[][o.s.s.e.IndexCreator] Create index [views]
2024.11.19 15:50:39 INFO  es[][o.e.c.m.MetadataCreateIndexService] [views] creating index, cause [api], templates [], shards [5]/[0]
2024.11.19 15:50:39 INFO  es[][o.e.c.r.a.AllocationService] Cluster health status changed from [YELLOW] to [GREEN] (reason: [shards started [[views][4]]]).
2024.11.19 15:50:39 INFO  web[][o.s.s.e.IndexCreator] Create type views/view
2024.11.19 15:50:39 INFO  es[][o.e.c.m.MetadataMappingService] [views/V0dju3-4TFO8tsz95yvhrg] create_mapping [view]
2024.11.19 15:50:39 INFO  web[][o.s.s.s.LogServerId] Server ID: 147B411E-AZNFHlrgC8xznWdMZJ80
2024.11.19 15:50:39 WARN  web[][o.s.s.a.LogOAuthWarning] For security reasons, OAuth authentication should use HTTPS. You should set the property 'Administration > Configuration > Server base URL' to a HTTPS URL.
2024.11.19 15:50:39 INFO  web[][o.s.s.p.UpdateCenterClient] Update center: https://update.sonarsource.org/update-center.properties
2024.11.19 15:50:40 WARN  web[][o.s.a.s.w.WebService$Action] The response example is not set on action saml/validation_init
2024.11.19 15:50:40 WARN  web[][o.s.a.s.w.WebService$Action] The response example is not set on action api/system/liveness
2024.11.19 15:50:40 WARN  web[][o.s.a.s.w.WebService$Action] The response example is not set on action api/plugins/download
2024.11.19 15:50:40 WARN  web[][o.s.a.s.w.WebService$Action] The response example is not set on action api/analysis_cache/get
2024.11.19 15:50:40 WARN  web[][o.s.a.s.w.WebService$Action] The response example is not set on action api/alm_integrations/check_pat
2024.11.19 15:50:40 WARN  web[][o.s.a.s.w.WebService$Action] The response example is not set on action api/push/sonarlint_events
2024.11.19 15:50:40 INFO  web[][o.s.s.a.p.ExpiredSessionsCleaner] Purge of expired session tokens has removed 0 elements
2024.11.19 15:50:40 INFO  web[][o.s.s.a.p.ExpiredSessionsCleaner] Purge of expired SAML message ids has removed 0 elements
2024.11.19 15:50:40 INFO  web[][o.s.s.n.NotificationDaemon] Notification service started (delay 60 sec.)
2024.11.19 15:50:40 INFO  web[][o.s.s.t.TelemetryDaemon] Sharing of SonarQube statistics is enabled.
2024.11.19 15:50:40 INFO  web[][o.s.s.s.GeneratePluginIndex] Generate scanner plugin index
2024.11.19 15:50:40 INFO  web[][o.s.s.s.RegisterMetrics] Register metrics
2024.11.19 15:50:40 INFO  web[][o.s.s.q.RegisterQualityGates] Built-in quality gate's conditions of [Sonar way] has been updated
2024.11.19 15:50:40 INFO  web[][o.s.s.r.RegisterRules] Register rules
2024.11.19 15:50:51 INFO  web[][o.s.s.q.b.BuiltInQProfileRepositoryImpl] Load quality profiles
2024.11.19 15:50:52 INFO  web[][o.s.s.q.RegisterQualityProfiles] Register quality profiles
2024.11.19 15:50:52 INFO  web[][o.s.s.q.RegisterQualityProfiles] Register profile kubernetes/Sonar way
2024.11.19 15:50:52 INFO  web[][o.s.s.q.RegisterQualityProfiles] Register profile css/Sonar way
2024.11.19 15:50:52 INFO  web[][o.s.s.q.RegisterQualityProfiles] Register profile scala/Sonar way
2024.11.19 15:50:52 INFO  web[][o.s.s.q.RegisterQualityProfiles] Register profile jsp/Sonar way
2024.11.19 15:50:52 INFO  web[][o.s.s.q.RegisterQualityProfiles] Register profile kotlin/Sonar way
2024.11.19 15:50:52 INFO  web[][o.s.s.q.RegisterQualityProfiles] Register profile go/Sonar way
2024.11.19 15:50:52 INFO  web[][o.s.s.q.RegisterQualityProfiles] Register profile js/Sonar way
2024.11.19 15:50:52 INFO  web[][o.s.s.q.RegisterQualityProfiles] Register profile py/Sonar way
2024.11.19 15:50:52 INFO  web[][o.s.s.q.RegisterQualityProfiles] Register profile secrets/Sonar way
2024.11.19 15:50:52 INFO  web[][o.s.s.q.RegisterQualityProfiles] Register profile ruby/Sonar way
2024.11.19 15:50:52 INFO  web[][o.s.s.q.RegisterQualityProfiles] Register profile docker/Sonar way
2024.11.19 15:50:52 INFO  web[][o.s.s.q.RegisterQualityProfiles] Register profile cs/Sonar way
2024.11.19 15:50:52 INFO  web[][o.s.s.q.RegisterQualityProfiles] Register profile java/Sonar way
2024.11.19 15:50:52 INFO  web[][o.s.s.q.RegisterQualityProfiles] Register profile web/Sonar way
2024.11.19 15:50:52 INFO  web[][o.s.s.q.RegisterQualityProfiles] Register profile xml/Sonar way
2024.11.19 15:50:52 INFO  web[][o.s.s.q.RegisterQualityProfiles] Register profile flex/Sonar way
2024.11.19 15:50:52 INFO  web[][o.s.s.q.RegisterQualityProfiles] Register profile json/Sonar way
2024.11.19 15:50:52 INFO  web[][o.s.s.q.RegisterQualityProfiles] Register profile php/Sonar way
2024.11.19 15:50:52 INFO  web[][o.s.s.q.RegisterQualityProfiles] Register profile terraform/Sonar way
2024.11.19 15:50:52 INFO  web[][o.s.s.q.RegisterQualityProfiles] Register profile text/Sonar way
2024.11.19 15:50:53 INFO  web[][o.s.s.q.RegisterQualityProfiles] Register profile vbnet/Sonar way
2024.11.19 15:50:53 INFO  web[][o.s.s.q.RegisterQualityProfiles] Register profile cloudformation/Sonar way
2024.11.19 15:50:53 INFO  web[][o.s.s.q.RegisterQualityProfiles] Register profile yaml/Sonar way
2024.11.19 15:50:53 INFO  web[][o.s.s.q.RegisterQualityProfiles] Register profile ts/Sonar way
2024.11.19 15:50:53 INFO  web[][o.s.s.s.RegisterPermissionTemplates] Register permission templates
2024.11.19 15:50:53 INFO  web[][o.s.s.s.RenameDeprecatedPropertyKeys] Rename deprecated property keys
2024.11.19 15:50:53 INFO  web[][o.s.s.s.RegisterPlugins] Register plugins
2024.11.19 15:50:53 INFO  web[][o.s.s.p.w.MasterServletFilter] Initializing servlet filter org.sonar.server.platform.web.SonarLintConnectionFilter@2408df14 [pattern=UrlPattern{inclusions=[/api/*], exclusions=[]}]
2024.11.19 15:50:53 INFO  web[][o.s.s.p.w.MasterServletFilter] Initializing servlet filter org.sonar.server.platform.web.WebServiceFilter@b68a1a3 [pattern=UrlPattern{inclusions=[/api/issues/delete_comment.*, ...], exclusions=[/api/authentication/login.*, ...]}]
2024.11.19 15:50:53 INFO  web[][o.s.s.p.w.MasterServletFilter] Initializing servlet filter org.sonar.server.platform.web.WebServiceReroutingFilter@64d38ff [pattern=UrlPattern{inclusions=[/api/components/bulk_update_key, ...], exclusions=[]}]
2024.11.19 15:50:53 INFO  web[][o.s.s.p.w.MasterServletFilter] Initializing servlet filter org.sonar.server.authentication.DefaultAdminCredentialsVerifierFilter@61d2e96c [pattern=UrlPattern{inclusions=[/*], exclusions=[*.css, ...]}]
2024.11.19 15:50:53 INFO  web[][o.s.s.p.w.MasterServletFilter] Initializing servlet filter org.sonar.server.authentication.InitFilter@3c07a3d [pattern=UrlPattern{inclusions=[/sessions/init/*], exclusions=[]}]
2024.11.19 15:50:53 INFO  web[][o.s.s.p.w.MasterServletFilter] Initializing servlet filter org.sonar.server.authentication.SamlValidationRedirectionFilter@4deba65f [pattern=UrlPattern{inclusions=[/oauth2/callback/saml], exclusions=[]}]
2024.11.19 15:50:53 INFO  web[][o.s.s.p.w.MasterServletFilter] Initializing servlet filter org.sonar.server.authentication.OAuth2CallbackFilter@220ee5dd [pattern=UrlPattern{inclusions=[/oauth2/callback/*], exclusions=[]}]
2024.11.19 15:50:53 INFO  web[][o.s.s.p.w.MasterServletFilter] Initializing servlet filter org.sonar.server.authentication.ResetPasswordFilter@54e1f179 [pattern=UrlPattern{inclusions=[/*], exclusions=[*.css, ...]}]
2024.11.19 15:50:53 INFO  web[][o.s.s.p.w.MasterServletFilter] Initializing servlet filter org.sonar.server.authentication.ws.LoginAction@535b389d [pattern=UrlPattern{inclusions=[/api/authentication/login], exclusions=[]}]
2024.11.19 15:50:53 INFO  web[][o.s.s.p.w.MasterServletFilter] Initializing servlet filter org.sonar.server.authentication.ws.LogoutAction@14bc42ed [pattern=UrlPattern{inclusions=[/api/authentication/logout], exclusions=[]}]
2024.11.19 15:50:53 INFO  web[][o.s.s.p.w.MasterServletFilter] Initializing servlet filter org.sonar.server.authentication.ws.ValidateAction@72a04c46 [pattern=UrlPattern{inclusions=[/api/authentication/validate], exclusions=[]}]
2024.11.19 15:50:53 INFO  web[][o.s.s.p.w.MasterServletFilter] Initializing servlet filter org.sonar.server.saml.ws.ValidationInitAction@3371440c [pattern=UrlPattern{inclusions=[/saml/validation_init], exclusions=[]}]
2024.11.19 15:50:53 INFO  web[][o.s.s.p.w.MasterServletFilter] Initializing servlet filter org.sonar.server.saml.ws.ValidationAction@64b32ad0 [pattern=UrlPattern{inclusions=[/saml/validation], exclusions=[]}]
2024.11.19 15:50:53 INFO  web[][o.s.s.p.w.MasterServletFilter] Initializing servlet filter org.sonar.server.user.ws.ChangePasswordAction@54f0784a [pattern=UrlPattern{inclusions=[/api/users/change_password], exclusions=[]}]
2024.11.19 15:50:53 INFO  web[][o.s.s.p.w.MasterServletFilter] Initializing servlet filter org.sonar.server.plugins.PluginsRiskConsentFilter@4439f5d5 [pattern=UrlPattern{inclusions=[/*], exclusions=[*.css, ...]}]
2024.11.19 15:50:53 INFO  web[][o.s.s.e.IndexerStartupTask] Indexing of type [users/user]...
2024.11.19 15:50:53 INFO  es[][o.e.c.s.IndexScopedSettings] updating [index.refresh_interval] from [30s] to [-1]
2024.11.19 15:50:53 INFO  es[][o.e.c.s.IndexScopedSettings] updating [index.refresh_interval] from [30s] to [-1]
2024.11.19 15:50:53 INFO  es[][o.e.c.s.IndexScopedSettings] updating [index.refresh_interval] from [-1] to [30s]
2024.11.19 15:50:53 INFO  es[][o.e.c.s.IndexScopedSettings] updating [index.refresh_interval] from [-1] to [30s]
2024.11.19 15:50:53 INFO  web[][o.s.s.e.IndexerStartupTask] Indexing of type [users/user] done | time=194ms
2024.11.19 15:50:53 INFO  web[][o.s.s.e.IndexerStartupTask] Indexing of type [projectmeasures/auth/projectmeasure]...
2024.11.19 15:50:53 INFO  web[][o.s.s.e.IndexerStartupTask] Indexing of type [projectmeasures/auth/projectmeasure] done | time=50ms
2024.11.19 15:50:53 INFO  web[][o.s.s.e.IndexerStartupTask] Indexing of type [components/auth/component]...
2024.11.19 15:50:53 INFO  web[][o.s.s.e.IndexerStartupTask] Indexing of type [components/auth/component] done | time=29ms
2024.11.19 15:50:53 INFO  web[][o.s.s.e.IndexerStartupTask] Indexing of type [views/view]...
2024.11.19 15:50:53 INFO  es[][o.e.c.s.IndexScopedSettings] updating [index.refresh_interval] from [30s] to [-1]
2024.11.19 15:50:53 INFO  es[][o.e.c.s.IndexScopedSettings] updating [index.refresh_interval] from [30s] to [-1]
2024.11.19 15:50:53 INFO  es[][o.e.c.s.IndexScopedSettings] updating [index.refresh_interval] from [-1] to [30s]
2024.11.19 15:50:53 INFO  es[][o.e.c.s.IndexScopedSettings] updating [index.refresh_interval] from [-1] to [30s]
2024.11.19 15:50:53 INFO  web[][o.s.s.e.IndexerStartupTask] Indexing of type [views/view] done | time=70ms
2024.11.19 15:50:53 INFO  web[][o.s.s.e.IndexerStartupTask] Trigger asynchronous indexing of type [issues/auth/issue]...
2024.11.19 15:50:53 INFO  web[][o.s.s.i.i.AsyncIssueIndexingImpl] 0 pending indexation task found to be deleted...
2024.11.19 15:50:53 INFO  web[][o.s.s.i.i.AsyncIssueIndexingImpl] 0 completed indexation task found to be deleted...
2024.11.19 15:50:53 INFO  web[][o.s.s.i.i.AsyncIssueIndexingImpl] Indexation task deletion complete.
2024.11.19 15:50:53 INFO  web[][o.s.s.i.i.AsyncIssueIndexingImpl] Deleting tasks characteristics...
2024.11.19 15:50:53 INFO  web[][o.s.s.i.i.AsyncIssueIndexingImpl] Tasks characteristics deletion complete.
2024.11.19 15:50:53 INFO  web[][o.s.s.i.i.AsyncIssueIndexingImpl] 0 branch found in need of issue sync.
2024.11.19 15:50:53 INFO  web[][o.s.s.e.IndexerStartupTask] Trigger asynchronous indexing of type [issues/auth/issue] done | time=23ms
2024.11.19 15:50:53 INFO  web[][o.s.s.e.IndexerStartupTask] Indexing of types [components/auth],[projectmeasures/auth],[issues/auth]...
2024.11.19 15:50:53 INFO  web[][o.s.s.e.IndexerStartupTask] Indexing of types [components/auth],[projectmeasures/auth],[issues/auth] done | time=68ms
2024.11.19 15:50:53 INFO  web[][o.s.s.q.ProjectsInWarningDaemon] Counting number of projects in warning is enabled.
2024.11.19 15:50:53 INFO  web[][o.s.s.p.p.PlatformLevelStartup] Running Community Edition
2024.11.19 15:50:53 INFO  web[][o.s.s.q.ProjectsInWarningDaemon] Counting number of projects in warning will be disabled as there are no more projects in warning.
2024.11.19 15:50:54 INFO  app[][o.s.a.SchedulerImpl] Process[web] is up
2024.11.19 15:50:54 INFO  app[][o.s.a.ProcessLauncherImpl] Launch process[COMPUTE_ENGINE] from [/opt/sonarqube]: /opt/java/openjdk/bin/java -Djava.awt.headless=true -Dfile.encoding=UTF-8 -Djava.io.tmpdir=/opt/sonarqube/temp -XX:-OmitStackTraceInFastThrow --add-opens=java.base/java.util=ALL-UNNAMED --add-exports=java.base/jdk.internal.ref=ALL-UNNAMED --add-opens=java.base/java.lang=ALL-UNNAMED --add-opens=java.base/java.nio=ALL-UNNAMED --add-opens=java.base/sun.nio.ch=ALL-UNNAMED --add-opens=java.management/sun.management=ALL-UNNAMED --add-opens=jdk.management/com.sun.management.internal=ALL-UNNAMED -Dcom.redhat.fips=false -Xmx512m -Xms128m -XX:+HeapDumpOnOutOfMemoryError -Dhttp.nonProxyHosts=localhost|127.*|[::1] -cp ./lib/sonar-application-9.9.7.96285.jar:/opt/sonarqube/lib/jdbc/h2/h2-2.1.214.jar org.sonar.ce.app.CeServer /opt/sonarqube/temp/sq-process7789433123935488048properties
WARNING: A terminally deprecated method in java.lang.System has been called
WARNING: System::setSecurityManager has been called by org.sonar.process.PluginSecurityManager (file:/opt/sonarqube/lib/sonar-application-9.9.7.96285.jar)
WARNING: Please consider reporting this to the maintainers of org.sonar.process.PluginSecurityManager
WARNING: System::setSecurityManager will be removed in a future release
2024.11.19 15:50:54 INFO  ce[][o.s.p.ProcessEntryPoint] Starting Compute Engine
2024.11.19 15:50:54 INFO  ce[][o.s.ce.app.CeServer] Compute Engine starting up...
2024.11.19 15:50:54 WARN  app[][startup] ####################################################################################################################
2024.11.19 15:50:54 WARN  app[][startup] Default Administrator credentials are still being used. Make sure to change the password or deactivate the account.
2024.11.19 15:50:54 WARN  app[][startup] ####################################################################################################################
2024.11.19 15:50:54 INFO  web[][o.s.s.p.Platform] Web Server is operational
2024.11.19 15:50:54 INFO  ce[][o.sonar.db.Database] Create JDBC data source for jdbc:h2:tcp://127.0.0.1:9092/sonar;NON_KEYWORDS=VALUE
2024.11.19 15:50:54 INFO  ce[][c.z.h.HikariDataSource] HikariPool-1 - Starting...
2024.11.19 15:50:54 INFO  ce[][c.z.h.p.HikariPool] HikariPool-1 - Added connection conn0: url=jdbc:h2:tcp://127.0.0.1:9092/sonar user=
2024.11.19 15:50:54 INFO  ce[][c.z.h.HikariDataSource] HikariPool-1 - Start completed.
2024.11.19 15:50:54 WARN  ce[][o.s.db.dialect.H2] H2 database should be used for evaluation purpose only.
2024.11.19 15:50:55 INFO  ce[][o.s.s.p.ServerFileSystemImpl] SonarQube home: /opt/sonarqube
2024.11.19 15:50:55 INFO  ce[][o.s.c.c.CePluginRepository] Load plugins
2024.11.19 15:50:55 INFO  ce[][o.s.c.c.ComputeEngineContainerImpl] Running Community edition
2024.11.19 15:50:55 INFO  ce[][o.s.ce.app.CeServer] Compute Engine is started
2024.11.19 15:50:56 INFO  app[][o.s.a.SchedulerImpl] Process[ce] is up
2024.11.19 15:50:56 INFO  app[][o.s.a.SchedulerImpl] SonarQube is operational
2024.11.19 15:51:42 INFO  ce[][o.s.c.t.CeWorkerImpl] Execute task | project=project | type=REPORT | id=AZNFH1VYC8xznWdMZT2K | submitter=admin
2024.11.19 15:51:42 INFO  ce[AZNFH1VYC8xznWdMZT2K][o.s.c.t.s.ComputationStepExecutor] Extract report | status=SUCCESS | time=6ms
2024.11.19 15:51:42 INFO  ce[AZNFH1VYC8xznWdMZT2K][o.s.c.t.s.ComputationStepExecutor] Persist scanner context | status=SUCCESS | time=5ms
2024.11.19 15:51:42 INFO  ce[AZNFH1VYC8xznWdMZT2K][o.s.c.t.s.ComputationStepExecutor] Propagate analysis warnings from scanner report | status=SUCCESS | time=28ms
2024.11.19 15:51:42 INFO  ce[AZNFH1VYC8xznWdMZT2K][o.s.c.t.s.ComputationStepExecutor] Generate analysis UUID | status=SUCCESS | time=0ms
2024.11.19 15:51:42 INFO  ce[AZNFH1VYC8xznWdMZT2K][o.s.c.t.s.ComputationStepExecutor] Load analysis metadata | status=SUCCESS | time=57ms
2024.11.19 15:51:42 INFO  ce[AZNFH1VYC8xznWdMZT2K][o.s.c.t.s.ComputationStepExecutor] Initialize | status=SUCCESS | time=0ms
2024.11.19 15:51:42 INFO  ce[AZNFH1VYC8xznWdMZT2K][o.s.c.t.s.ComputationStepExecutor] Build tree of components | components=3 | status=SUCCESS | time=48ms
2024.11.19 15:51:42 INFO  ce[AZNFH1VYC8xznWdMZT2K][o.s.c.t.s.ComputationStepExecutor] Validate project | status=SUCCESS | time=8ms
2024.11.19 15:51:42 INFO  ce[AZNFH1VYC8xznWdMZT2K][o.s.s.e.EsClientProvider] Connected to local Elasticsearch: [http://localhost:9001]
2024.11.19 15:51:44 INFO  ce[AZNFH1VYC8xznWdMZT2K][o.s.c.t.s.ComputationStepExecutor] Load quality profiles | status=SUCCESS | time=1442ms
2024.11.19 15:51:44 INFO  ce[AZNFH1VYC8xznWdMZT2K][o.s.c.t.s.ComputationStepExecutor] Load file hashes and statuses | status=SUCCESS | time=2ms
2024.11.19 15:51:44 INFO  ce[AZNFH1VYC8xznWdMZT2K][o.s.c.t.s.ComputationStepExecutor] Load Quality gate | status=SUCCESS | time=3ms
2024.11.19 15:51:44 INFO  ce[AZNFH1VYC8xznWdMZT2K][o.s.c.t.s.ComputationStepExecutor] Load new code period | status=SUCCESS | time=2ms
2024.11.19 15:51:44 INFO  ce[AZNFH1VYC8xznWdMZT2K][o.s.c.t.s.ComputationStepExecutor] Detect file moves | status=SUCCESS | time=0ms
2024.11.19 15:51:44 INFO  ce[AZNFH1VYC8xznWdMZT2K][o.s.c.t.s.ComputationStepExecutor] Detect file moves in Pull Request scope | status=SUCCESS | time=0ms
2024.11.19 15:51:44 INFO  ce[AZNFH1VYC8xznWdMZT2K][o.s.c.t.s.ComputationStepExecutor] Load duplications | duplications=0 | status=SUCCESS | time=0ms
2024.11.19 15:51:44 INFO  ce[AZNFH1VYC8xznWdMZT2K][o.s.c.t.s.ComputationStepExecutor] Compute cross project duplications | status=SUCCESS | time=0ms
2024.11.19 15:51:44 INFO  ce[AZNFH1VYC8xznWdMZT2K][o.s.c.t.s.ComputationStepExecutor] Compute size measures | status=SUCCESS | time=2ms
2024.11.19 15:51:44 INFO  ce[AZNFH1VYC8xznWdMZT2K][o.s.c.t.s.ComputationStepExecutor] Compute new coverage | status=SUCCESS | time=2ms
2024.11.19 15:51:44 INFO  ce[AZNFH1VYC8xznWdMZT2K][o.s.c.t.s.ComputationStepExecutor] Compute coverage measures | status=SUCCESS | time=0ms
2024.11.19 15:51:44 INFO  ce[AZNFH1VYC8xznWdMZT2K][o.s.c.t.s.ComputationStepExecutor] Compute comment measures | status=SUCCESS | time=0ms
2024.11.19 15:51:44 INFO  ce[AZNFH1VYC8xznWdMZT2K][o.s.c.t.s.ComputationStepExecutor] Compute duplication measures | status=SUCCESS | time=1ms
2024.11.19 15:51:44 INFO  ce[AZNFH1VYC8xznWdMZT2K][o.s.c.t.s.ComputationStepExecutor] Compute size measures on new code | status=SUCCESS | time=0ms
2024.11.19 15:51:44 INFO  ce[AZNFH1VYC8xznWdMZT2K][o.s.c.t.s.ComputationStepExecutor] Compute language distribution | status=SUCCESS | time=4ms
2024.11.19 15:51:44 INFO  ce[AZNFH1VYC8xznWdMZT2K][o.s.c.t.s.ComputationStepExecutor] Compute test measures | status=SUCCESS | time=1ms
2024.11.19 15:51:44 INFO  ce[AZNFH1VYC8xznWdMZT2K][o.s.c.t.s.ComputationStepExecutor] Compute complexity measures | status=SUCCESS | time=1ms
2024.11.19 15:51:44 INFO  ce[AZNFH1VYC8xznWdMZT2K][o.s.c.t.s.ComputationStepExecutor] Load measure computers | status=SUCCESS | time=1ms
2024.11.19 15:51:44 INFO  ce[AZNFH1VYC8xznWdMZT2K][o.s.c.t.s.ComputationStepExecutor] Compute Quality Profile status | status=SUCCESS | time=4ms
2024.11.19 15:51:44 INFO  ce[AZNFH1VYC8xznWdMZT2K][o.s.c.t.s.ComputationStepExecutor] Execute component visitors | status=SUCCESS | time=24ms
2024.11.19 15:51:44 INFO  ce[AZNFH1VYC8xznWdMZT2K][o.s.c.t.s.ComputationStepExecutor] Checks executed after computation of measures | status=SUCCESS | time=0ms
2024.11.19 15:51:44 INFO  ce[AZNFH1VYC8xznWdMZT2K][o.s.c.t.s.ComputationStepExecutor] Compute Quality Gate measures | status=SUCCESS | time=3ms
2024.11.19 15:51:44 INFO  ce[AZNFH1VYC8xznWdMZT2K][o.s.c.t.s.ComputationStepExecutor] Compute Quality profile measures | status=SUCCESS | time=3ms
2024.11.19 15:51:44 INFO  ce[AZNFH1VYC8xznWdMZT2K][o.s.c.t.s.ComputationStepExecutor] Generate Quality profile events | status=SUCCESS | time=1ms
2024.11.19 15:51:44 INFO  ce[AZNFH1VYC8xznWdMZT2K][o.s.c.t.s.ComputationStepExecutor] Generate Quality gate events | status=SUCCESS | time=1ms
2024.11.19 15:51:44 INFO  ce[AZNFH1VYC8xznWdMZT2K][o.s.c.t.s.ComputationStepExecutor] Check upgrade possibility for not analyzed code files. | status=SUCCESS | time=1ms
2024.11.19 15:51:44 INFO  ce[AZNFH1VYC8xznWdMZT2K][o.s.c.t.s.ComputationStepExecutor] Persist scanner analysis cache | status=SUCCESS | time=0ms
2024.11.19 15:51:44 INFO  ce[AZNFH1VYC8xznWdMZT2K][o.s.c.t.s.ComputationStepExecutor] Persist components | status=SUCCESS | time=9ms
2024.11.19 15:51:44 INFO  ce[AZNFH1VYC8xznWdMZT2K][o.s.c.t.s.ComputationStepExecutor] Persist analysis | status=SUCCESS | time=2ms
2024.11.19 15:51:44 INFO  ce[AZNFH1VYC8xznWdMZT2K][o.s.c.t.s.ComputationStepExecutor] Persist analysis properties | status=SUCCESS | time=6ms
2024.11.19 15:51:44 INFO  ce[AZNFH1VYC8xznWdMZT2K][o.s.c.t.s.ComputationStepExecutor] Persist measures | inserts=36 | status=SUCCESS | time=22ms
2024.11.19 15:51:44 INFO  ce[AZNFH1VYC8xznWdMZT2K][o.s.c.t.s.ComputationStepExecutor] Persist live measures | insertsOrUpdates=81 | status=SUCCESS | time=35ms
2024.11.19 15:51:44 INFO  ce[AZNFH1VYC8xznWdMZT2K][o.s.c.t.s.ComputationStepExecutor] Persist duplication data | insertsOrUpdates=0 | status=SUCCESS | time=1ms
2024.11.19 15:51:44 INFO  ce[AZNFH1VYC8xznWdMZT2K][o.s.c.t.s.ComputationStepExecutor] Persist new ad hoc Rules | status=SUCCESS | time=1ms
2024.11.19 15:51:44 INFO  ce[AZNFH1VYC8xznWdMZT2K][o.s.c.t.s.ComputationStepExecutor] Persist issues | cacheSize=0 bytes | inserts=0 | updates=0 | merged=0 | status=SUCCESS | time=3ms
2024.11.19 15:51:44 INFO  ce[AZNFH1VYC8xznWdMZT2K][o.s.c.t.s.ComputationStepExecutor] Delete issue changes | changes=0 | status=SUCCESS | time=0ms
2024.11.19 15:51:44 INFO  ce[AZNFH1VYC8xznWdMZT2K][o.s.c.t.s.ComputationStepExecutor] Persist project links | status=SUCCESS | time=8ms
2024.11.19 15:51:44 INFO  ce[AZNFH1VYC8xznWdMZT2K][o.s.c.t.s.ComputationStepExecutor] Persist events | status=SUCCESS | time=4ms
2024.11.19 15:51:44 INFO  ce[AZNFH1VYC8xznWdMZT2K][o.s.c.t.s.ComputationStepExecutor] Persist sources | status=SUCCESS | time=28ms
2024.11.19 15:51:44 INFO  ce[AZNFH1VYC8xznWdMZT2K][o.s.c.t.s.ComputationStepExecutor] Persist cross project duplications | status=SUCCESS | time=0ms
2024.11.19 15:51:44 INFO  ce[AZNFH1VYC8xznWdMZT2K][o.s.c.t.s.ComputationStepExecutor] Enable analysis | status=SUCCESS | time=4ms
2024.11.19 15:51:44 INFO  ce[AZNFH1VYC8xznWdMZT2K][o.s.c.t.s.ComputationStepExecutor] Update last usage date of quality profiles | status=SUCCESS | time=8ms
